<?xml version="1.0" encoding="UTF-8"?>
<testsuite name="Application.MO.MoApplicationTests" tests="1" skipped="0" failures="0" errors="0" timestamp="2023-03-03T09:59:29" hostname="DESKTOP-I9GMIDL" time="0.455">
  <properties/>
  <testcase name="contextLoads()" classname="Application.MO.MoApplicationTests" time="0.455"/>
  <system-out><![CDATA[12:59:24.125 [Test worker] DEBUG org.springframework.test.context.BootstrapUtils - Instantiating CacheAwareContextLoaderDelegate from class [org.springframework.test.context.cache.DefaultCacheAwareContextLoaderDelegate]
12:59:24.171 [Test worker] DEBUG org.springframework.test.context.BootstrapUtils - Instantiating BootstrapContext using constructor [public org.springframework.test.context.support.DefaultBootstrapContext(java.lang.Class,org.springframework.test.context.CacheAwareContextLoaderDelegate)]
12:59:24.227 [Test worker] DEBUG org.springframework.test.context.BootstrapUtils - Instantiating TestContextBootstrapper for test class [Application.MO.MoApplicationTests] from class [org.springframework.boot.test.context.SpringBootTestContextBootstrapper]
12:59:24.236 [Test worker] INFO org.springframework.boot.test.context.SpringBootTestContextBootstrapper - Neither @ContextConfiguration nor @ContextHierarchy found for test class [Application.MO.MoApplicationTests], using SpringBootContextLoader
12:59:24.243 [Test worker] DEBUG org.springframework.test.context.support.AbstractContextLoader - Did not detect default resource location for test class [Application.MO.MoApplicationTests]: class path resource [Application/MO/MoApplicationTests-context.xml] does not exist
12:59:24.244 [Test worker] DEBUG org.springframework.test.context.support.AbstractContextLoader - Did not detect default resource location for test class [Application.MO.MoApplicationTests]: class path resource [Application/MO/MoApplicationTestsContext.groovy] does not exist
12:59:24.244 [Test worker] INFO org.springframework.test.context.support.AbstractContextLoader - Could not detect default resource locations for test class [Application.MO.MoApplicationTests]: no resource found for suffixes {-context.xml, Context.groovy}.
12:59:24.245 [Test worker] INFO org.springframework.test.context.support.AnnotationConfigContextLoaderUtils - Could not detect default configuration classes for test class [Application.MO.MoApplicationTests]: MoApplicationTests does not declare any static, non-private, non-final, nested classes annotated with @Configuration.
12:59:24.281 [Test worker] DEBUG org.springframework.test.context.support.ActiveProfilesUtils - Could not find an 'annotation declaring class' for annotation type [org.springframework.test.context.ActiveProfiles] and class [Application.MO.MoApplicationTests]
12:59:24.387 [Test worker] DEBUG org.springframework.context.annotation.ClassPathScanningCandidateComponentProvider - Identified candidate component class: file [D:\Projet\Application\MO\build\classes\java\main\Application\MO\MoApplication.class]
12:59:24.388 [Test worker] INFO org.springframework.boot.test.context.SpringBootTestContextBootstrapper - Found @SpringBootConfiguration Application.MO.MoApplication for test class Application.MO.MoApplicationTests
12:59:24.761 [Test worker] DEBUG org.springframework.boot.test.context.SpringBootTestContextBootstrapper - @TestExecutionListeners is not present for class [Application.MO.MoApplicationTests]: using defaults.
12:59:24.761 [Test worker] INFO org.springframework.boot.test.context.SpringBootTestContextBootstrapper - Loaded default TestExecutionListener class names from location [META-INF/spring.factories]: [org.springframework.boot.test.autoconfigure.restdocs.RestDocsTestExecutionListener, org.springframework.boot.test.autoconfigure.web.client.MockRestServiceServerResetTestExecutionListener, org.springframework.boot.test.autoconfigure.web.servlet.MockMvcPrintOnlyOnFailureTestExecutionListener, org.springframework.boot.test.autoconfigure.web.servlet.WebDriverTestExecutionListener, org.springframework.boot.test.autoconfigure.webservices.client.MockWebServiceServerTestExecutionListener, org.springframework.boot.test.mock.mockito.MockitoTestExecutionListener, org.springframework.boot.test.mock.mockito.ResetMocksTestExecutionListener, org.springframework.test.context.web.ServletTestExecutionListener, org.springframework.test.context.support.DirtiesContextBeforeModesTestExecutionListener, org.springframework.test.context.event.ApplicationEventsTestExecutionListener, org.springframework.test.context.support.DependencyInjectionTestExecutionListener, org.springframework.test.context.support.DirtiesContextTestExecutionListener, org.springframework.test.context.transaction.TransactionalTestExecutionListener, org.springframework.test.context.jdbc.SqlScriptsTestExecutionListener, org.springframework.test.context.event.EventPublishingTestExecutionListener]
12:59:24.770 [Test worker] DEBUG org.springframework.boot.test.context.SpringBootTestContextBootstrapper - Skipping candidate TestExecutionListener [org.springframework.test.context.web.ServletTestExecutionListener] due to a missing dependency. Specify custom listener classes or make the default listener classes and their required dependencies available. Offending class: [javax/servlet/ServletContext]
12:59:24.797 [Test worker] INFO org.springframework.boot.test.context.SpringBootTestContextBootstrapper - Using TestExecutionListeners: [org.springframework.test.context.support.DirtiesContextBeforeModesTestExecutionListener@9bd0fa6, org.springframework.test.context.event.ApplicationEventsTestExecutionListener@59d2103b, org.springframework.boot.test.mock.mockito.MockitoTestExecutionListener@39dcf4b0, org.springframework.boot.test.autoconfigure.SpringBootDependencyInjectionTestExecutionListener@6e4de19b, org.springframework.test.context.support.DirtiesContextTestExecutionListener@f6c03cb, org.springframework.test.context.transaction.TransactionalTestExecutionListener@46f699d5, org.springframework.test.context.jdbc.SqlScriptsTestExecutionListener@18518ccf, org.springframework.test.context.event.EventPublishingTestExecutionListener@1991f767, org.springframework.boot.test.autoconfigure.restdocs.RestDocsTestExecutionListener@768ccdc5, org.springframework.boot.test.autoconfigure.web.client.MockRestServiceServerResetTestExecutionListener@4c6daf0, org.springframework.boot.test.autoconfigure.web.servlet.MockMvcPrintOnlyOnFailureTestExecutionListener@10650953, org.springframework.boot.test.autoconfigure.web.servlet.WebDriverTestExecutionListener@659eef7, org.springframework.boot.test.autoconfigure.webservices.client.MockWebServiceServerTestExecutionListener@162be91c, org.springframework.boot.test.mock.mockito.ResetMocksTestExecutionListener@2488b073]
12:59:24.800 [Test worker] DEBUG org.springframework.test.context.support.AbstractDirtiesContextTestExecutionListener - Before test class: context [DefaultTestContext@6d0b5baf testClass = MoApplicationTests, testInstance = [null], testMethod = [null], testException = [null], mergedContextConfiguration = [MergedContextConfiguration@631e06ab testClass = MoApplicationTests, locations = '{}', classes = '{class Application.MO.MoApplication}', contextInitializerClasses = '[]', activeProfiles = '{}', propertySourceLocations = '{}', propertySourceProperties = '{org.springframework.boot.test.context.SpringBootTestContextBootstrapper=true}', contextCustomizers = set[org.springframework.boot.test.autoconfigure.actuate.metrics.MetricsExportContextCustomizerFactory$DisableMetricExportContextCustomizer@6dab9b6d, org.springframework.boot.test.autoconfigure.properties.PropertyMappingContextCustomizer@0, org.springframework.boot.test.autoconfigure.web.servlet.WebDriverContextCustomizerFactory$Customizer@2631f68c, org.springframework.boot.test.context.filter.ExcludeFilterContextCustomizer@68b32e3e, org.springframework.boot.test.json.DuplicateJsonObjectContextCustomizerFactory$DuplicateJsonObjectContextCustomizer@4f9a2c08, org.springframework.boot.test.mock.mockito.MockitoContextCustomizer@0, org.springframework.boot.test.web.client.TestRestTemplateContextCustomizer@71812481, org.springframework.boot.test.context.SpringBootTestArgs@1, org.springframework.boot.test.context.SpringBootTestWebEnvironment@31e5415e], contextLoader = 'org.springframework.boot.test.context.SpringBootContextLoader', parent = [null]], attributes = map[[empty]]], class annotated with @DirtiesContext [false] with mode [null].
12:59:24.812 [Test worker] DEBUG org.springframework.test.context.support.DependencyInjectionTestExecutionListener - Performing dependency injection for test context [[DefaultTestContext@6d0b5baf testClass = MoApplicationTests, testInstance = Application.MO.MoApplicationTests@c7a975a, testMethod = [null], testException = [null], mergedContextConfiguration = [MergedContextConfiguration@631e06ab testClass = MoApplicationTests, locations = '{}', classes = '{class Application.MO.MoApplication}', contextInitializerClasses = '[]', activeProfiles = '{}', propertySourceLocations = '{}', propertySourceProperties = '{org.springframework.boot.test.context.SpringBootTestContextBootstrapper=true}', contextCustomizers = set[org.springframework.boot.test.autoconfigure.actuate.metrics.MetricsExportContextCustomizerFactory$DisableMetricExportContextCustomizer@6dab9b6d, org.springframework.boot.test.autoconfigure.properties.PropertyMappingContextCustomizer@0, org.springframework.boot.test.autoconfigure.web.servlet.WebDriverContextCustomizerFactory$Customizer@2631f68c, org.springframework.boot.test.context.filter.ExcludeFilterContextCustomizer@68b32e3e, org.springframework.boot.test.json.DuplicateJsonObjectContextCustomizerFactory$DuplicateJsonObjectContextCustomizer@4f9a2c08, org.springframework.boot.test.mock.mockito.MockitoContextCustomizer@0, org.springframework.boot.test.web.client.TestRestTemplateContextCustomizer@71812481, org.springframework.boot.test.context.SpringBootTestArgs@1, org.springframework.boot.test.context.SpringBootTestWebEnvironment@31e5415e], contextLoader = 'org.springframework.boot.test.context.SpringBootContextLoader', parent = [null]], attributes = map['org.springframework.test.context.event.ApplicationEventsTestExecutionListener.recordApplicationEvents' -> false]]].

  .   ____          _            __ _ _
 /\\ / ___'_ __ _ _(_)_ __  __ _ \ \ \ \
( ( )\___ | '_ | '_| | '_ \/ _` | \ \ \ \
 \\/  ___)| |_)| | | | | || (_| |  ) ) ) )
  '  |____| .__|_| |_|_| |_\__, | / / / /
 =========|_|==============|___/=/_/_/_/
 :: Spring Boot ::                (v2.7.9)

2023-03-03 12:59:25.230  INFO 21668 --- [    Test worker] Application.MO.MoApplicationTests        : Starting MoApplicationTests using Java 16.0.1 on DESKTOP-I9GMIDL with PID 21668 (started by USER in D:\Projet\Application\MO)
2023-03-03 12:59:25.232  INFO 21668 --- [    Test worker] Application.MO.MoApplicationTests        : No active profile set, falling back to 1 default profile: "default"
2023-03-03 12:59:25.740  INFO 21668 --- [    Test worker] .s.d.r.c.RepositoryConfigurationDelegate : Bootstrapping Spring Data JPA repositories in DEFAULT mode.
2023-03-03 12:59:25.751  INFO 21668 --- [    Test worker] .s.d.r.c.RepositoryConfigurationDelegate : Finished Spring Data repository scanning in 4 ms. Found 0 JPA repository interfaces.
2023-03-03 12:59:26.435  INFO 21668 --- [    Test worker] o.hibernate.jpa.internal.util.LogHelper  : HHH000204: Processing PersistenceUnitInfo [name: default]
2023-03-03 12:59:26.485  INFO 21668 --- [    Test worker] org.hibernate.Version                    : HHH000412: Hibernate ORM core version 5.6.15.Final
2023-03-03 12:59:26.681  INFO 21668 --- [    Test worker] o.hibernate.annotations.common.Version   : HCANN000001: Hibernate Commons Annotations {5.1.2.Final}
2023-03-03 12:59:26.864  INFO 21668 --- [    Test worker] com.zaxxer.hikari.HikariDataSource       : HikariPool-1 - Starting...
2023-03-03 12:59:28.351  INFO 21668 --- [    Test worker] com.zaxxer.hikari.HikariDataSource       : HikariPool-1 - Start completed.
2023-03-03 12:59:28.364  INFO 21668 --- [    Test worker] org.hibernate.dialect.Dialect            : HHH000400: Using dialect: org.hibernate.dialect.PostgreSQLDialect
2023-03-03 12:59:28.951  INFO 21668 --- [    Test worker] o.h.e.t.j.p.i.JtaPlatformInitiator       : HHH000490: Using JtaPlatform implementation: [org.hibernate.engine.transaction.jta.platform.internal.NoJtaPlatform]
2023-03-03 12:59:28.964  INFO 21668 --- [    Test worker] j.LocalContainerEntityManagerFactoryBean : Initialized JPA EntityManagerFactory for persistence unit 'default'
2023-03-03 12:59:29.440  INFO 21668 --- [    Test worker] Application.MO.MoApplicationTests        : Started MoApplicationTests in 4.608 seconds (JVM running for 6.654)
]]></system-out>
  <system-err><![CDATA[]]></system-err>
</testsuite>
